<?xml version="1.0" encoding="UTF-8"?>
<!-- Generated by org.testng.reporters.JUnitReportReporter -->
<testsuite skipped="0" hostname="Aruns-MacBook-Pro.local" name="com.atmecs.GitDemo.testscript.SampleJiraTestScript" tests="1" failures="0" timestamp="30 Mar 2021 12:26:40 GMT" time="0.012" errors="0">
  <testcase name="sampleJiraTest" time="0.012" classname="com.atmecs.GitDemo.testscript.SampleJiraTestScript"/>
</testsuite> <!-- com.atmecs.GitDemo.testscript.SampleJiraTestScript -->
